[22-Nov-2015 14:48:45 UTC] PHP Warning:  file_get_contents(https://api-v2launch.trakt.tv/search?id_type=trakt-show): failed to open stream: HTTP request failed! HTTP/1.1 400 Bad Request
 in /home/ubuntu/workspace/rest-test/trakt-api.php on line 17
[22-Nov-2015 14:48:45 UTC] PHP Stack trace:
[22-Nov-2015 14:48:45 UTC] PHP   1. {main}() /home/ubuntu/workspace/rest-test/trakt-api.php:0
[22-Nov-2015 14:48:45 UTC] PHP   2. listTV() /home/ubuntu/workspace/rest-test/trakt-api.php:5
[22-Nov-2015 14:48:45 UTC] PHP   3. file_get_contents() /home/ubuntu/workspace/rest-test/trakt-api.php:17
[22-Nov-2015 14:51:08 UTC] PHP Warning:  file_get_contents(https://api-v2launch.trakt.tv/search?id_type=trakt-show): failed to open stream: HTTP request failed! HTTP/1.1 400 Bad Request
 in /home/ubuntu/workspace/rest-test/trakt-api.php on line 17
[22-Nov-2015 14:51:08 UTC] PHP Stack trace:
[22-Nov-2015 14:51:08 UTC] PHP   1. {main}() /home/ubuntu/workspace/rest-test/trakt-api.php:0
[22-Nov-2015 14:51:08 UTC] PHP   2. listTV() /home/ubuntu/workspace/rest-test/trakt-api.php:5
[22-Nov-2015 14:51:08 UTC] PHP   3. file_get_contents() /home/ubuntu/workspace/rest-test/trakt-api.php:17
[22-Nov-2015 14:51:14 UTC] PHP Warning:  file_get_contents(https://api-v2launch.trakt.tv/search?id_type=trakt-show): failed to open stream: HTTP request failed! HTTP/1.1 400 Bad Request
 in /home/ubuntu/workspace/rest-test/trakt-api.php on line 17
[22-Nov-2015 14:51:14 UTC] PHP Stack trace:
[22-Nov-2015 14:51:14 UTC] PHP   1. {main}() /home/ubuntu/workspace/rest-test/trakt-api.php:0
[22-Nov-2015 14:51:14 UTC] PHP   2. listTV() /home/ubuntu/workspace/rest-test/trakt-api.php:5
[22-Nov-2015 14:51:14 UTC] PHP   3. file_get_contents() /home/ubuntu/workspace/rest-test/trakt-api.php:17
[22-Nov-2015 15:04:06 UTC] PHP Warning:  file_get_contents(https://api-v2launch.trakt.tv/search?id_type=imdb): failed to open stream: HTTP request failed! HTTP/1.1 400 Bad Request
 in /home/ubuntu/workspace/rest-test/trakt-api.php on line 17
[22-Nov-2015 15:04:06 UTC] PHP Stack trace:
[22-Nov-2015 15:04:06 UTC] PHP   1. {main}() /home/ubuntu/workspace/rest-test/trakt-api.php:0
[22-Nov-2015 15:04:06 UTC] PHP   2. listTV() /home/ubuntu/workspace/rest-test/trakt-api.php:5
[22-Nov-2015 15:04:06 UTC] PHP   3. file_get_contents() /home/ubuntu/workspace/rest-test/trakt-api.php:17
[22-Nov-2015 15:05:32 UTC] PHP Warning:  file_get_contents(https://api-v2launch.trakt.tv/search?id_type=imdb): failed to open stream: HTTP request failed! HTTP/1.1 400 Bad Request
 in /home/ubuntu/workspace/rest-test/trakt-api.php on line 17
[22-Nov-2015 15:05:32 UTC] PHP Stack trace:
[22-Nov-2015 15:05:32 UTC] PHP   1. {main}() /home/ubuntu/workspace/rest-test/trakt-api.php:0
[22-Nov-2015 15:05:32 UTC] PHP   2. listTV() /home/ubuntu/workspace/rest-test/trakt-api.php:5
[22-Nov-2015 15:05:32 UTC] PHP   3. file_get_contents() /home/ubuntu/workspace/rest-test/trakt-api.php:17
[22-Nov-2015 15:06:41 UTC] PHP Warning:  file_get_contents(https://api-v2launch.trakt.tv/search?id_type=imdb): failed to open stream: HTTP request failed! HTTP/1.1 400 Bad Request
 in /home/ubuntu/workspace/rest-test/trakt-api.php on line 17
[22-Nov-2015 15:06:41 UTC] PHP Stack trace:
[22-Nov-2015 15:06:41 UTC] PHP   1. {main}() /home/ubuntu/workspace/rest-test/trakt-api.php:0
[22-Nov-2015 15:06:41 UTC] PHP   2. listTV() /home/ubuntu/workspace/rest-test/trakt-api.php:5
[22-Nov-2015 15:06:41 UTC] PHP   3. file_get_contents() /home/ubuntu/workspace/rest-test/trakt-api.php:17
[22-Nov-2015 15:08:31 UTC] PHP Warning:  file_get_contents(https://api-v2launch.trakt.tv/search?id_type=imdb): failed to open stream: HTTP request failed! HTTP/1.1 400 Bad Request
 in /home/ubuntu/workspace/rest-test/trakt-api.php on line 17
[22-Nov-2015 15:08:31 UTC] PHP Stack trace:
[22-Nov-2015 15:08:31 UTC] PHP   1. {main}() /home/ubuntu/workspace/rest-test/trakt-api.php:0
[22-Nov-2015 15:08:31 UTC] PHP   2. listTV() /home/ubuntu/workspace/rest-test/trakt-api.php:5
[22-Nov-2015 15:08:31 UTC] PHP   3. file_get_contents() /home/ubuntu/workspace/rest-test/trakt-api.php:17
[23-Nov-2015 18:35:14 UTC] PHP Warning:  file_get_contents(https://api-v2launch.trakt.tv/users/louisking/lists/tvfollowing/items): failed to open stream: HTTP request failed! HTTP/1.1 504 Gateway Time-out
 in /home/ubuntu/workspace/rest-test/trakt-api.php on line 17
[23-Nov-2015 18:35:14 UTC] PHP Stack trace:
[23-Nov-2015 18:35:14 UTC] PHP   1. {main}() /home/ubuntu/workspace/rest-test/trakt-api.php:0
[23-Nov-2015 18:35:14 UTC] PHP   2. listTV() /home/ubuntu/workspace/rest-test/trakt-api.php:5
[23-Nov-2015 18:35:14 UTC] PHP   3. file_get_contents() /home/ubuntu/workspace/rest-test/trakt-api.php:17
